******************* GDI DUMP => Date : Sat Oct 07 13:26:11 2023

ST-Link is not in the DFU mode.
Please restart it.
**** End of GDI DUMP ****
******************* GDI DUMP => Date : Sat Oct 07 13:26:29 2023

DFU_DNLOAD bad status after dnload2 (0x0800cc00, 0, 4)

**** End of GDI DUMP ****
******************* GDI DUMP => Date : Sat Oct 07 13:28:04 2023

ST-Link is not in the DFU mode.
Please restart it.
**** End of GDI DUMP ****
******************* GDI DUMP => Date : Sat Oct 07 13:43:19 2023

ST-Link is not in the DFU mode.
Please restart it.
**** End of GDI DUMP ****
******************* GDI DUMP => Date : Sun Oct 08 21:04:10 2023

ST-Link is not in the DFU mode.
Please restart it.
**** End of GDI DUMP ****
******************* GDI DUMP => Date : Sun Oct 08 21:08:47 2023

ST-Link is not in the DFU mode.
Please restart it.
**** End of GDI DUMP ****
******************* GDI DUMP => Date : Sun Oct 08 21:17:05 2023

ST-Link is not in the DFU mode.
Please restart it.
**** End of GDI DUMP ****
******************* GDI DUMP => Date : Sun Oct 08 21:58:02 2023

ST-Link is not in the DFU mode.
Please restart it.
**** End of GDI DUMP ****
******************* GDI DUMP => Date : Sun Oct 08 22:12:22 2023

ST-Link is not in the DFU mode.
Please restart it.
**** End of GDI DUMP ****
******************* GDI DUMP => Date : Sun Oct 08 22:14:34 2023

ST-Link is not in the DFU mode.
Please restart it.
**** End of GDI DUMP ****
******************* GDI DUMP => Date : Thu Nov 02 22:49:04 2023

ST-Link is not in the DFU mode.
Please restart it.
**** End of GDI DUMP ****
******************* GDI DUMP => Date : Thu Nov 02 22:49:11 2023

ST-Link is not in the DFU mode.
Please restart it.
**** End of GDI DUMP ****
******************* GDI DUMP => Date : Thu Nov 02 22:49:15 2023

ST-Link is not in the DFU mode.
Please restart it.
**** End of GDI DUMP ****
******************* GDI DUMP => Date : Thu Nov 02 22:49:28 2023

ST-Link is not in the DFU mode.
Please restart it.
**** End of GDI DUMP ****
******************* GDI DUMP => Date : Thu Nov 02 23:11:34 2023

ST-Link is not in the DFU mode.
Please restart it.
**** End of GDI DUMP ****
******************* GDI DUMP => Date : Thu Nov 02 23:11:37 2023

ST-Link is not in the DFU mode.
Please restart it.
**** End of GDI DUMP ****
******************* GDI DUMP => Date : Thu Nov 02 23:11:40 2023

ST-Link is not in the DFU mode.
Please restart it.
**** End of GDI DUMP ****
